C51 COMPILER V9.60.7.0   SERVOGOA_1                                                        03/27/2024 14:04:56 PAGE 1   


C51 COMPILER V9.60.7.0, COMPILATION OF MODULE SERVOGOA_1
OBJECT MODULE PLACED IN .\Objects\SERVOGOA 1.obj
COMPILER INVOKED BY: C:\Keil_v5\C51\BIN\C51.EXE SERVOGOA 1.c OPTIMIZE(8,SPEED) BROWSE DEBUG OBJECTEXTEND PRINT(.\Listing
                    -s\SERVOGOA 1.lst) TABS(2) OBJECT(.\Objects\SERVOGOA 1.obj)

line level    source

   1          #include<reg51.h>
   2          
   3          sbit output=P2^0;
   4          
   5          
   6          void msdelay(unsigned int time)  // Function for creating delay in milliseconds.
   7          
   8          {
   9   1      
  10   1          unsigned i,j ;
  11   1      
  12   1          for(i=0;i<time;i++)    
  13   1      
  14   1          for(j=0;j<1275;j++);
  15   1      
  16   1      }
  17          
  18          
  19          void servo_delay(int times)     // Creating Delay in multilple of 50us using 8051 Timers
  20          
  21          {
  22   1      
  23   1          int m;
  24   1      
  25   1          for(m=0;m<times;m++)
  26   1      
  27   1          {
  28   2      
  29   2              TH0=0xFF;
  30   2      
  31   2              TL0=0xD2;
  32   2      
  33   2              TR0=1;
  34   2      
  35   2              while(TF0==0);
  36   2      
  37   2              TF0=0;
  38   2      
  39   2              TR0=0;
  40   2      
  41   2          }
  42   1      
  43   1      }
  44          
  45          void main()
  46          
  47          {
  48   1      
  49   1          int n;
  50   1      
  51   1          TMOD=0x01;                // Selecting Timer 0, Mode 1
  52   1      
  53   1          output=0;
  54   1      
C51 COMPILER V9.60.7.0   SERVOGOA_1                                                        03/27/2024 14:04:56 PAGE 2   

  55   1          while(1)
  56   1      
  57   1          {
  58   2      
  59   2              for(n=13;n<28;n=n+2)
  60   2      
  61   2              {
  62   3      
  63   3                  output=1;
  64   3      
  65   3                  servo_delay(n);     
  66   3      
  67   3                  output=0;
  68   3      
  69   3                  servo_delay(260);
  70   3      
  71   3                  msdelay(200);
  72   3      
  73   3              }
  74   2      
  75   2          }
  76   1      
  77   1      }
  78          


MODULE INFORMATION:   STATIC OVERLAYABLE
   CODE SIZE        =    120    ----
   CONSTANT SIZE    =   ----    ----
   XDATA SIZE       =   ----    ----
   PDATA SIZE       =   ----    ----
   DATA SIZE        =   ----    ----
   IDATA SIZE       =   ----    ----
   BIT SIZE         =   ----    ----
END OF MODULE INFORMATION.


C51 COMPILATION COMPLETE.  0 WARNING(S),  0 ERROR(S)
